[I 2026-02-05 15:51:30.829 ServerApp] jupyter_lsp | extension was successfully linked.
[I 2026-02-05 15:51:30.833 ServerApp] jupyter_server_terminals | extension was successfully linked.
[W 2026-02-05 15:51:30.834 LabApp] 'token' has moved from NotebookApp to ServerApp. This config will be passed to ServerApp. Be sure to update your config before our next release.
[W 2026-02-05 15:51:30.837 ServerApp] ServerApp.token config is deprecated in 2.0. Use IdentityProvider.token.
[I 2026-02-05 15:51:30.837 ServerApp] jupyterlab | extension was successfully linked.
[I 2026-02-05 15:51:30.841 ServerApp] notebook | extension was successfully linked.
[I 2026-02-05 15:51:31.048 ServerApp] notebook_shim | extension was successfully linked.
[W 2026-02-05 15:51:31.060 ServerApp] All authentication is disabled.  Anyone who can connect to this server will be able to run code.
[I 2026-02-05 15:51:31.060 ServerApp] notebook_shim | extension was successfully loaded.
[I 2026-02-05 15:51:31.062 ServerApp] jupyter_lsp | extension was successfully loaded.
[I 2026-02-05 15:51:31.063 ServerApp] jupyter_server_terminals | extension was successfully loaded.
[I 2026-02-05 15:51:31.065 LabApp] JupyterLab extension loaded from /raid/home/fotis/.cache/uv/archive-v0/l1HoYP5bOotzEZnZ7QzAL/lib/python3.10/site-packages/jupyterlab
[I 2026-02-05 15:51:31.065 LabApp] JupyterLab application directory is /raid/home/fotis/.cache/uv/archive-v0/l1HoYP5bOotzEZnZ7QzAL/share/jupyter/lab
[I 2026-02-05 15:51:31.065 LabApp] Extension Manager is 'pypi'.
[I 2026-02-05 15:51:31.089 ServerApp] jupyterlab | extension was successfully loaded.
[I 2026-02-05 15:51:31.092 ServerApp] notebook | extension was successfully loaded.
[I 2026-02-05 15:51:31.092 ServerApp] The port 8888 is already in use, trying another port.
[I 2026-02-05 15:51:31.093 ServerApp] Serving notebooks from local directory: /raid/home/fotis/MVA/DLP/Week3
[I 2026-02-05 15:51:31.093 ServerApp] Jupyter Server 2.17.0 is running at:
[I 2026-02-05 15:51:31.093 ServerApp] http://dgxa100:8889/tree
[I 2026-02-05 15:51:31.093 ServerApp]     http://127.0.0.1:8889/tree
[I 2026-02-05 15:51:31.093 ServerApp] Use Control-C to stop this server and shut down all kernels (twice to skip confirmation).
[I 2026-02-05 15:51:31.108 ServerApp] Skipped non-installed server(s): basedpyright, bash-language-server, dockerfile-language-server-nodejs, javascript-typescript-langserver, jedi-language-server, julia-language-server, pyrefly, pyright, python-language-server, python-lsp-server, r-languageserver, sql-language-server, texlab, typescript-language-server, unified-language-server, vscode-css-languageserver-bin, vscode-html-languageserver-bin, vscode-json-languageserver-bin, yaml-language-server
slurmstepd: error: *** JOB 28054 ON dgxa100 CANCELLED AT 2026-02-05T15:53:51 ***
